INFO:root:Found 1 GPUs. Using GPU for computations.
INFO:root:Checkpoint is loaded and model if finetuning
INFO:root:Training started.
INFO:root:Train Epoch: 0	Batch Index: 0	Average Loss: 1.897296
INFO:root:Train Epoch: 0	Batch Index: 100	Average Loss: 1.701725
INFO:root:Train Epoch: 0	Batch Index: 200	Average Loss: 2.083118
INFO:root:Train Epoch: 0	Batch Index: 300	Average Loss: 1.735697
INFO:root:Train Epoch: 0	Batch Index: 400	Average Loss: 1.375664
INFO:root:Train Epoch: 0	Batch Index: 500	Average Loss: 1.705029
INFO:root:Train Epoch: 0	Batch Index: 600	Average Loss: 1.422207
INFO:root:Train Epoch: 0	Batch Index: 700	Average Loss: 1.314053
INFO:root:Train Epoch: 0	Batch Index: 800	Average Loss: 1.294560
INFO:root:Train Epoch: 0	Batch Index: 900	Average Loss: 1.704464
INFO:root:Train Epoch: 0	Batch Index: 1000	Average Loss: 1.604265
INFO:root:Train Epoch: 0	Batch Index: 1100	Average Loss: 1.350294
INFO:root:Train Epoch: 0	Batch Index: 1200	Average Loss: 1.504832
INFO:root:Train Epoch: 0	Batch Index: 1300	Average Loss: 1.755372
INFO:root:Train Epoch: 0	Batch Index: 1400	Average Loss: 1.558090
INFO:root:Train Epoch: 0	Batch Index: 1500	Average Loss: 1.755756
INFO:root:Train Epoch: 0	Batch Index: 1600	Average Loss: 1.649565
INFO:root:Train Epoch: 0	Batch Index: 1700	Average Loss: 1.730300
INFO:root:Train Epoch: 0	Batch Index: 1800	Average Loss: 1.591272
INFO:root:Train Epoch: 0	Batch Index: 1900	Average Loss: 1.768947
INFO:root:Train Epoch: 0	Batch Index: 2000	Average Loss: 1.890980
INFO:root:Train Epoch: 0	Batch Index: 2100	Average Loss: 0.817450
INFO:root:Train Epoch: 0	Batch Index: 2200	Average Loss: 1.082469
INFO:root:Train Epoch: 0	Batch Index: 2300	Average Loss: 1.899005
INFO:root:Train Epoch: 0	Batch Index: 2400	Average Loss: 1.143664
INFO:root:Train Epoch: 0	Batch Index: 2500	Average Loss: 1.240220
INFO:root:Train Epoch: 0	Batch Index: 2600	Average Loss: 1.464338
INFO:root:Train Epoch: 0	Batch Index: 2700	Average Loss: 0.853460
INFO:root:Train Epoch: 0	Batch Index: 2800	Average Loss: 1.482621
INFO:root:Train Epoch: 0	Batch Index: 2900	Average Loss: 0.815013
INFO:root:Train Epoch: 0	Batch Index: 3000	Average Loss: 0.666169
INFO:root:Train Epoch: 0	Batch Index: 3100	Average Loss: 1.213292
INFO:root:Train Epoch: 0	Batch Index: 3200	Average Loss: 0.565318
INFO:root:Train Epoch: 0	Batch Index: 3300	Average Loss: 0.567800
INFO:root:Train Epoch: 0	Batch Index: 3400	Average Loss: 0.411711
INFO:root:Train Epoch: 0	Average Loss: 1.361374
INFO:root:Eval Epoch: 0 [0/875 (0%)]	Loss: 0.300842
INFO:root:Eval Epoch: 0 [100/875 (11%)]	Loss: 1.285900
INFO:root:Eval Epoch: 0 [200/875 (23%)]	Loss: 0.687197
INFO:root:Eval Epoch: 0 [300/875 (34%)]	Loss: 0.924637
INFO:root:Eval Epoch: 0 [400/875 (46%)]	Loss: 0.594278
INFO:root:Eval Epoch: 0 [500/875 (57%)]	Loss: 0.340857
INFO:root:Eval Epoch: 0 [600/875 (69%)]	Loss: 0.343466
INFO:root:Eval Epoch: 0 [700/875 (80%)]	Loss: 0.174345
INFO:root:Eval Epoch: 0 [800/875 (91%)]	Loss: 1.724036
INFO:root:Evaluation:	Average Loss: 0.936483	Accuracy: 0.7243	Precision: 0.7516	Recall: 0.7243	F1 Score: 0.7244
INFO:root:Evaluation:	Average Loss: 0.936483